0 info it worked if it ends with ok
1 verbose cli [ 'C:\\Program Files\\nodejs\\node.exe',
1 verbose cli   'C:\\Program Files\\nodejs\\node_modules\\npm\\bin\\npm-cli.js',
1 verbose cli   'run',
1 verbose cli   'test' ]
2 info using npm@3.10.10
3 info using node@v6.10.3
4 verbose run-script [ 'pretest', 'test', 'posttest' ]
5 info lifecycle swagger-hx-codegen@1.0.0~pretest: swagger-hx-codegen@1.0.0
6 silly lifecycle swagger-hx-codegen@1.0.0~pretest: no script for pretest, continuing
7 info lifecycle swagger-hx-codegen@1.0.0~test: swagger-hx-codegen@1.0.0
8 verbose lifecycle swagger-hx-codegen@1.0.0~test: unsafe-perm in lifecycle true
9 verbose lifecycle swagger-hx-codegen@1.0.0~test: PATH: C:\Program Files\nodejs\node_modules\npm\bin\node-gyp-bin;C:\Users\d.mouton\Projects\swagger-hx-codegen\node_modules\.bin;C:\Program Files (x86)\Common Files\Oracle\Java\javapath;C:\ProgramData\Oracle\Java\javapath;C:\Program Files (x86)\Intel\Intel(R) Management Engine Components\iCLS\;C:\Program Files\Intel\Intel(R) Management Engine Components\iCLS\;C:\windows\system32;C:\windows;C:\windows\System32\Wbem;C:\windows\System32\WindowsPowerShell\v1.0\;C:\Program Files (x86)\Intel\Intel(R) Management Engine Components\DAL;C:\Program Files\Intel\Intel(R) Management Engine Components\DAL;C:\Program Files (x86)\Intel\Intel(R) Management Engine Components\IPT;C:\Program Files\Intel\Intel(R) Management Engine Components\IPT;C:\Program Files\Intel\WiFi\bin\;C:\Program Files\Common Files\Intel\WirelessCommon\;C:\Program Files\nodejs\;C:\Program Files\PuTTY\;C:\Program Files\TortoiseGit\bin;C:\HashiCorp\Vagrant\bin;C:\HaxeToolkit\haxe\;C:\HaxeToolkit\neko;C:\Users\d.mouton\AppData\Local\Microsoft\WindowsApps;C:\Users\d.mouton\AppData\Local\Programs\Git\cmd;C:\Users\d.mouton\AppData\Roaming\npm;C:\apache-maven-3.3.9\bin;C:\curl\bin;;C:\Users\d.mouton\AppData\Local\Programs\Microsoft VS Code\bin
10 verbose lifecycle swagger-hx-codegen@1.0.0~test: CWD: C:\Users\d.mouton\Projects\swagger-hx-codegen
11 silly lifecycle swagger-hx-codegen@1.0.0~test: Args: [ '/d /s /c',
11 silly lifecycle   'haxe build.hxml && node cmd.js -swagger swagger.json -className Api' ]
12 silly lifecycle swagger-hx-codegen@1.0.0~test: Returned: code: 1  signal: null
13 info lifecycle swagger-hx-codegen@1.0.0~test: Failed to exec test script
14 verbose stack Error: swagger-hx-codegen@1.0.0 test: `haxe build.hxml && node cmd.js -swagger swagger.json -className Api`
14 verbose stack Exit status 1
14 verbose stack     at EventEmitter.<anonymous> (C:\Program Files\nodejs\node_modules\npm\lib\utils\lifecycle.js:255:16)
14 verbose stack     at emitTwo (events.js:106:13)
14 verbose stack     at EventEmitter.emit (events.js:191:7)
14 verbose stack     at ChildProcess.<anonymous> (C:\Program Files\nodejs\node_modules\npm\lib\utils\spawn.js:40:14)
14 verbose stack     at emitTwo (events.js:106:13)
14 verbose stack     at ChildProcess.emit (events.js:191:7)
14 verbose stack     at maybeClose (internal/child_process.js:886:16)
14 verbose stack     at Process.ChildProcess._handle.onexit (internal/child_process.js:226:5)
15 verbose pkgid swagger-hx-codegen@1.0.0
16 verbose cwd C:\Users\d.mouton\Projects\swagger-hx-codegen
17 error Windows_NT 10.0.16299
18 error argv "C:\\Program Files\\nodejs\\node.exe" "C:\\Program Files\\nodejs\\node_modules\\npm\\bin\\npm-cli.js" "run" "test"
19 error node v6.10.3
20 error npm  v3.10.10
21 error code ELIFECYCLE
22 error swagger-hx-codegen@1.0.0 test: `haxe build.hxml && node cmd.js -swagger swagger.json -className Api`
22 error Exit status 1
23 error Failed at the swagger-hx-codegen@1.0.0 test script 'haxe build.hxml && node cmd.js -swagger swagger.json -className Api'.
23 error Make sure you have the latest version of node.js and npm installed.
23 error If you do, this is most likely a problem with the swagger-hx-codegen package,
23 error not with npm itself.
23 error Tell the author that this fails on your system:
23 error     haxe build.hxml && node cmd.js -swagger swagger.json -className Api
23 error You can get information on how to open an issue for this project with:
23 error     npm bugs swagger-hx-codegen
23 error Or if that isn't available, you can get their info via:
23 error     npm owner ls swagger-hx-codegen
23 error There is likely additional logging output above.
24 verbose exit [ 1, true ]
